SF:lib\domain\usecases\search_movies.dart
DA:9,1
DA:11,1
DA:12,2
LF:3
LH:3
end_of_record
SF:lib\domain\usecases\search_tv.dart
DA:9,1
DA:11,1
DA:12,2
LF:3
LH:3
end_of_record
SF:lib\presentation\bloc\search_movies_state.dart
DA:5,2
DA:7,1
DA:8,1
DA:18,2
DA:20,1
DA:21,2
DA:27,1
DA:29,1
DA:30,2
LF:9
LH:9
end_of_record
SF:lib\presentation\bloc\search_movies_event.dart
DA:5,1
DA:7,0
DA:8,0
DA:14,1
DA:16,0
DA:17,0
LF:6
LH:2
end_of_record
SF:lib\presentation\bloc\search_movies_bloc.dart
DA:14,3
DA:15,2
DA:16,1
DA:18,2
DA:19,3
DA:20,2
DA:21,1
DA:22,3
DA:24,1
DA:25,2
DA:30,1
LF:11
LH:11
end_of_record
SF:lib\presentation\transforms\debounce_transform.dart
DA:5,2
DA:6,6
LF:2
LH:2
end_of_record
SF:lib\presentation\bloc\search_tv_event.dart
DA:4,1
DA:6,0
DA:7,0
DA:13,1
DA:15,0
DA:16,0
LF:6
LH:2
end_of_record
SF:lib\presentation\bloc\search_tv_bloc.dart
DA:12,3
DA:13,2
DA:14,1
DA:15,2
DA:17,3
DA:19,2
DA:20,3
DA:21,1
DA:22,2
DA:26,1
LF:10
LH:10
end_of_record
SF:lib\presentation\bloc\search_tv_state.dart
DA:4,2
DA:6,1
DA:7,1
DA:14,1
DA:19,2
LF:5
LH:5
end_of_record
