SF:lib\domain\usecases\get_watchlist_movies.dart
DA:9,1
DA:11,1
DA:12,2
LF:3
LH:3
end_of_record
SF:lib\domain\usecases\get_watchlist_tv.dart
DA:9,1
DA:11,1
DA:12,2
LF:3
LH:3
end_of_record
SF:lib\presentation\bloc\watchlist_movies_bloc.dart
DA:13,1
DA:15,2
DA:16,2
DA:17,2
DA:19,3
DA:21,5
DA:22,1
DA:23,2
LF:8
LH:8
end_of_record
SF:lib\presentation\bloc\watchlist_movies_state.dart
DA:4,2
DA:6,1
DA:7,1
DA:15,2
DA:17,1
DA:18,2
DA:26,1
DA:30,1
DA:31,2
LF:9
LH:9
end_of_record
SF:lib\presentation\bloc\watchlist_movies_event.dart
DA:4,1
DA:6,0
DA:7,0
LF:3
LH:1
end_of_record
SF:lib\presentation\bloc\watchlist_tv_state.dart
DA:4,2
DA:6,1
DA:7,1
DA:15,2
DA:17,1
DA:18,2
DA:26,1
DA:30,1
DA:31,2
LF:9
LH:9
end_of_record
SF:lib\presentation\bloc\watchlist_tv_bloc.dart
DA:12,1
DA:14,2
DA:15,2
DA:16,2
DA:18,3
DA:20,6
DA:21,2
LF:7
LH:7
end_of_record
SF:lib\presentation\bloc\watchlist_tv_event.dart
DA:4,1
DA:6,0
DA:7,0
LF:3
LH:1
end_of_record
